<?xml version="1.0" encoding="utf-8"?>
<coverage line-rate="0.7487" branch-rate="0.1331" version="1.9" timestamp="1657118441" lines-covered="1025" lines-valid="1369" branches-covered="61" branches-valid="458">
  <sources>
    <source>C:\Users\Viktor Milanov\</source>
  </sources>
  <packages>
    <package name="AirportSystem" line-rate="0.8704000000000001" branch-rate="0.8472" complexity="198">
      <classes>
        <class name="Airports_Project_Final.Program" filename="Documents\exercises-2021\Viktor\Final_Project\AirportSystem\AirportSystem\Program.cs" line-rate="0" branch-rate="1" complexity="2">
          <methods>
            <method name="Main" signature="(System.String[])" line-rate="0" branch-rate="1" complexity="1">
              <lines>
                <line number="10" hits="0" branch="False" />
                <line number="11" hits="0" branch="False" />
                <line number="12" hits="0" branch="False" />
              </lines>
            </method>
            <method name="CreateHostBuilder" signature="(System.String[])" line-rate="0" branch-rate="1" complexity="1">
              <lines>
                <line number="14" hits="0" branch="False" />
                <line number="15" hits="0" branch="False" />
                <line number="16" hits="0" branch="False" />
                <line number="17" hits="0" branch="False" />
                <line number="18" hits="0" branch="False" />
              </lines>
            </method>
          </methods>
          <lines>
            <line number="10" hits="0" branch="False" />
            <line number="11" hits="0" branch="False" />
            <line number="12" hits="0" branch="False" />
            <line number="14" hits="0" branch="False" />
            <line number="15" hits="0" branch="False" />
            <line number="16" hits="0" branch="False" />
            <line number="17" hits="0" branch="False" />
            <line number="18" hits="0" branch="False" />
          </lines>
        </class>
        <class name="AirportDBFirst.AirportDbContext" filename="Documents\exercises-2021\Viktor\Final_Project\AirportSystem\AirportSystem\Data\AirportDbContext.cs" line-rate="0.7777" branch-rate="1" complexity="6">
          <methods>
            <method name="get_Airport" signature="()" line-rate="1" branch-rate="1" complexity="1">
              <lines>
                <line number="9" hits="320" branch="False" />
              </lines>
            </method>
            <method name="get_Airline" signature="()" line-rate="1" branch-rate="1" complexity="1">
              <lines>
                <line number="10" hits="224" branch="False" />
              </lines>
            </method>
            <method name="get_Flight" signature="()" line-rate="1" branch-rate="1" complexity="1">
              <lines>
                <line number="11" hits="153" branch="False" />
              </lines>
            </method>
            <method name="get_Seat" signature="()" line-rate="1" branch-rate="1" complexity="1">
              <lines>
                <line number="12" hits="164" branch="False" />
              </lines>
            </method>
            <method name="FirstOrDefault" signature="()" line-rate="0" branch-rate="1" complexity="1">
              <lines>
                <line number="22" hits="0" branch="False" />
                <line number="23" hits="0" branch="False" />
              </lines>
            </method>
            <method name=".ctor" signature="(Microsoft.EntityFrameworkCore.DbContextOptions`1&lt;AirportDBFirst.AirportDbContext&gt;)" line-rate="1" branch-rate="1" complexity="1">
              <lines>
                <line number="17" hits="95" branch="False" />
                <line number="18" hits="95" branch="False" />
                <line number="19" hits="95" branch="False" />
              </lines>
            </method>
          </methods>
          <lines>
            <line number="9" hits="320" branch="False" />
            <line number="10" hits="224" branch="False" />
            <line number="11" hits="153" branch="False" />
            <line number="12" hits="164" branch="False" />
            <line number="22" hits="0" branch="False" />
            <line number="23" hits="0" branch="False" />
            <line number="17" hits="95" branch="False" />
            <line number="18" hits="95" branch="False" />
            <line number="19" hits="95" branch="False" />
          </lines>
        </class>
        <class name="AirportSystem.Startup" filename="Documents\exercises-2021\Viktor\Final_Project\AirportSystem\AirportSystem\Startup.cs" line-rate="0" branch-rate="0" complexity="5">
          <methods>
            <method name="get_Configuration" signature="()" line-rate="0" branch-rate="1" complexity="1">
              <lines>
                <line number="24" hits="0" branch="False" />
              </lines>
            </method>
            <method name="ConfigureServices" signature="(Microsoft.Extensions.DependencyInjection.IServiceCollection)" line-rate="0" branch-rate="1" complexity="1">
              <lines>
                <line number="28" hits="0" branch="False" />
                <line number="29" hits="0" branch="False" />
                <line number="30" hits="0" branch="False" />
                <line number="31" hits="0" branch="False" />
                <line number="32" hits="0" branch="False" />
                <line number="33" hits="0" branch="False" />
                <line number="34" hits="0" branch="False" />
                <line number="35" hits="0" branch="False" />
                <line number="36" hits="0" branch="False" />
                <line number="37" hits="0" branch="False" />
                <line number="38" hits="0" branch="False" />
              </lines>
            </method>
            <method name="Configure" signature="(Microsoft.AspNetCore.Builder.IApplicationBuilder,Microsoft.AspNetCore.Hosting.IWebHostEnvironment)" line-rate="0" branch-rate="0" complexity="2">
              <lines>
                <line number="42" hits="0" branch="False" />
                <line number="43" hits="0" branch="True" condition-coverage="0% (0/2)">
                  <conditions>
                    <condition number="9" type="jump" coverage="0%" />
                  </conditions>
                </line>
                <line number="44" hits="0" branch="False" />
                <line number="45" hits="0" branch="False" />
                <line number="46" hits="0" branch="False" />
                <line number="48" hits="0" branch="False" />
                <line number="49" hits="0" branch="False" />
                <line number="51" hits="0" branch="False" />
                <line number="52" hits="0" branch="False" />
                <line number="53" hits="0" branch="False" />
                <line number="54" hits="0" branch="False" />
                <line number="56" hits="0" branch="False" />
                <line number="58" hits="0" branch="False" />
                <line number="60" hits="0" branch="False" />
                <line number="61" hits="0" branch="False" />
                <line number="62" hits="0" branch="False" />
                <line number="63" hits="0" branch="False" />
                <line number="64" hits="0" branch="False" />
                <line number="65" hits="0" branch="False" />
                <line number="66" hits="0" branch="False" />
              </lines>
            </method>
            <method name=".ctor" signature="(Microsoft.Extensions.Configuration.IConfiguration)" line-rate="0" branch-rate="1" complexity="1">
              <lines>
                <line number="19" hits="0" branch="False" />
                <line number="20" hits="0" branch="False" />
                <line number="21" hits="0" branch="False" />
                <line number="22" hits="0" branch="False" />
              </lines>
            </method>
          </methods>
          <lines>
            <line number="24" hits="0" branch="False" />
            <line number="28" hits="0" branch="False" />
            <line number="29" hits="0" branch="False" />
            <line number="30" hits="0" branch="False" />
            <line number="31" hits="0" branch="False" />
            <line number="32" hits="0" branch="False" />
            <line number="33" hits="0" branch="False" />
            <line number="34" hits="0" branch="False" />
            <line number="35" hits="0" branch="False" />
            <line number="36" hits="0" branch="False" />
            <line number="37" hits="0" branch="False" />
            <line number="38" hits="0" branch="False" />
            <line number="42" hits="0" branch="False" />
            <line number="43" hits="0" branch="True" condition-coverage="0% (0/2)">
              <conditions>
                <condition number="9" type="jump" coverage="0%" />
              </conditions>
            </line>
            <line number="44" hits="0" branch="False" />
            <line number="45" hits="0" branch="False" />
            <line number="46" hits="0" branch="False" />
            <line number="48" hits="0" branch="False" />
            <line number="49" hits="0" branch="False" />
            <line number="51" hits="0" branch="False" />
            <line number="52" hits="0" branch="False" />
            <line number="53" hits="0" branch="False" />
            <line number="54" hits="0" branch="False" />
            <line number="56" hits="0" branch="False" />
            <line number="58" hits="0" branch="False" />
            <line number="60" hits="0" branch="False" />
            <line number="61" hits="0" branch="False" />
            <line number="62" hits="0" branch="False" />
            <line number="63" hits="0" branch="False" />
            <line number="64" hits="0" branch="False" />
            <line number="65" hits="0" branch="False" />
            <line number="66" hits="0" branch="False" />
            <line number="19" hits="0" branch="False" />
            <line number="20" hits="0" branch="False" />
            <line number="21" hits="0" branch="False" />
            <line number="22" hits="0" branch="False" />
          </lines>
        </class>
        <class name="AirportSystem.Services.AirlinesService" filename="Documents\exercises-2021\Viktor\Final_Project\AirportSystem\AirportSystem\Services\AirlinesService.cs" line-rate="1" branch-rate="1" complexity="9">
          <methods>
            <method name="GetAll" signature="()" line-rate="1" branch-rate="1" complexity="1">
              <lines>
                <line number="19" hits="6" branch="False" />
                <line number="20" hits="6" branch="False" />
                <line number="21" hits="6" branch="False" />
              </lines>
            </method>
            <method name="Create" signature="(AirportSystem.Data.Airline)" line-rate="1" branch-rate="1" complexity="1">
              <lines>
                <line number="23" hits="59" branch="False" />
                <line number="24" hits="59" branch="False" />
                <line number="25" hits="58" branch="False" />
                <line number="26" hits="57" branch="False" />
              </lines>
            </method>
            <method name="Edit" signature="(AirportSystem.Data.Airline)" line-rate="1" branch-rate="1" complexity="1">
              <lines>
                <line number="28" hits="2" branch="False" />
                <line number="29" hits="2" branch="False" />
                <line number="30" hits="2" branch="False" />
                <line number="31" hits="2" branch="False" />
                <line number="32" hits="2" branch="False" />
                <line number="33" hits="2" branch="False" />
              </lines>
            </method>
            <method name="Delete" signature="(System.Nullable`1&lt;System.Int32&gt;)" line-rate="1" branch-rate="1" complexity="1">
              <lines>
                <line number="35" hits="2" branch="False" />
                <line number="36" hits="2" branch="False" />
                <line number="37" hits="2" branch="False" />
                <line number="38" hits="2" branch="False" />
                <line number="39" hits="2" branch="False" />
              </lines>
            </method>
            <method name="GetForEdit" signature="(System.Int32)" line-rate="1" branch-rate="1" complexity="2">
              <lines>
                <line number="41" hits="4" branch="False" />
                <line number="42" hits="4" branch="False" />
                <line number="43" hits="4" branch="True" condition-coverage="100% (2/2)">
                  <conditions>
                    <condition number="130" type="jump" coverage="100%" />
                  </conditions>
                </line>
                <line number="44" hits="2" branch="False" />
                <line number="45" hits="2" branch="False" />
                <line number="46" hits="4" branch="False" />
              </lines>
            </method>
            <method name="GetAirline" signature="(System.Int32)" line-rate="1" branch-rate="1" complexity="1">
              <lines>
                <line number="48" hits="8" branch="False" />
                <line number="49" hits="8" branch="False" />
                <line number="50" hits="8" branch="False" />
              </lines>
            </method>
            <method name="IsThisNameAlreadyExist" signature="(System.String)" line-rate="1" branch-rate="1" complexity="1">
              <lines>
                <line number="53" hits="3" branch="False" />
                <line number="54" hits="3" branch="False" />
                <line number="55" hits="3" branch="False" />
              </lines>
            </method>
            <method name=".ctor" signature="(AirportDBFirst.AirportDbContext)" line-rate="1" branch-rate="1" complexity="1">
              <lines>
                <line number="13" hits="66" branch="False" />
                <line number="14" hits="66" branch="False" />
                <line number="16" hits="66" branch="False" />
                <line number="17" hits="66" branch="False" />
              </lines>
            </method>
          </methods>
          <lines>
            <line number="19" hits="6" branch="False" />
            <line number="20" hits="6" branch="False" />
            <line number="21" hits="6" branch="False" />
            <line number="23" hits="59" branch="False" />
            <line number="24" hits="59" branch="False" />
            <line number="25" hits="58" branch="False" />
            <line number="26" hits="57" branch="False" />
            <line number="28" hits="2" branch="False" />
            <line number="29" hits="2" branch="False" />
            <line number="30" hits="2" branch="False" />
            <line number="31" hits="2" branch="False" />
            <line number="32" hits="2" branch="False" />
            <line number="33" hits="2" branch="False" />
            <line number="35" hits="2" branch="False" />
            <line number="36" hits="2" branch="False" />
            <line number="37" hits="2" branch="False" />
            <line number="38" hits="2" branch="False" />
            <line number="39" hits="2" branch="False" />
            <line number="41" hits="4" branch="False" />
            <line number="42" hits="4" branch="False" />
            <line number="43" hits="4" branch="True" condition-coverage="100% (2/2)">
              <conditions>
                <condition number="130" type="jump" coverage="100%" />
              </conditions>
            </line>
            <line number="44" hits="2" branch="False" />
            <line number="45" hits="2" branch="False" />
            <line number="46" hits="4" branch="False" />
            <line number="48" hits="8" branch="False" />
            <line number="49" hits="8" branch="False" />
            <line number="50" hits="8" branch="False" />
            <line number="53" hits="3" branch="False" />
            <line number="54" hits="3" branch="False" />
            <line number="55" hits="3" branch="False" />
            <line number="13" hits="66" branch="False" />
            <line number="14" hits="66" branch="False" />
            <line number="16" hits="66" branch="False" />
            <line number="17" hits="66" branch="False" />
          </lines>
        </class>
        <class name="AirportSystem.Services.AirportsService" filename="Documents\exercises-2021\Viktor\Final_Project\AirportSystem\AirportSystem\Services\AirportsService.cs" line-rate="1" branch-rate="1" complexity="11">
          <methods>
            <method name="GetAll" signature="()" line-rate="1" branch-rate="1" complexity="1">
              <lines>
                <line number="18" hits="6" branch="False" />
                <line number="19" hits="6" branch="False" />
                <line number="20" hits="6" branch="False" />
              </lines>
            </method>
            <method name="Create" signature="(AirportSystem.Data.Airport)" line-rate="1" branch-rate="1" complexity="1">
              <lines>
                <line number="22" hits="104" branch="False" />
                <line number="23" hits="104" branch="False" />
                <line number="24" hits="103" branch="False" />
                <line number="25" hits="102" branch="False" />
              </lines>
            </method>
            <method name="Edit" signature="(AirportSystem.Data.Airport)" line-rate="1" branch-rate="1" complexity="1">
              <lines>
                <line number="27" hits="2" branch="False" />
                <line number="28" hits="2" branch="False" />
                <line number="29" hits="2" branch="False" />
                <line number="30" hits="2" branch="False" />
                <line number="31" hits="2" branch="False" />
                <line number="32" hits="2" branch="False" />
                <line number="33" hits="2" branch="False" />
                <line number="34" hits="2" branch="False" />
                <line number="35" hits="2" branch="False" />
              </lines>
            </method>
            <method name="Delete" signature="(System.Nullable`1&lt;System.Int32&gt;)" line-rate="1" branch-rate="1" complexity="1">
              <lines>
                <line number="37" hits="2" branch="False" />
                <line number="38" hits="2" branch="False" />
                <line number="39" hits="2" branch="False" />
                <line number="40" hits="2" branch="False" />
                <line number="41" hits="2" branch="False" />
              </lines>
            </method>
            <method name="GetForEdit" signature="(System.Int32)" line-rate="1" branch-rate="1" complexity="2">
              <lines>
                <line number="43" hits="4" branch="False" />
                <line number="44" hits="4" branch="False" />
                <line number="45" hits="4" branch="True" condition-coverage="100% (2/2)">
                  <conditions>
                    <condition number="130" type="jump" coverage="100%" />
                  </conditions>
                </line>
                <line number="46" hits="2" branch="False" />
                <line number="47" hits="2" branch="False" />
                <line number="48" hits="4" branch="False" />
              </lines>
            </method>
            <method name="GetAirport" signature="(System.Int32)" line-rate="1" branch-rate="1" complexity="1">
              <lines>
                <line number="50" hits="8" branch="False" />
                <line number="51" hits="8" branch="False" />
                <line number="52" hits="8" branch="False" />
              </lines>
            </method>
            <method name="IsThisNameAlreadyExist" signature="(System.String)" line-rate="1" branch-rate="1" complexity="1">
              <lines>
                <line number="54" hits="3" branch="False" />
                <line number="55" hits="3" branch="False" />
                <line number="56" hits="3" branch="False" />
              </lines>
            </method>
            <method name="IsThisIdAlreadyExist" signature="(System.String)" line-rate="1" branch-rate="1" complexity="1">
              <lines>
                <line number="58" hits="3" branch="False" />
                <line number="59" hits="3" branch="False" />
                <line number="60" hits="3" branch="False" />
              </lines>
            </method>
            <method name="IsThisAdressAlreadyExist" signature="(System.String)" line-rate="1" branch-rate="1" complexity="1">
              <lines>
                <line number="62" hits="3" branch="False" />
                <line number="63" hits="3" branch="False" />
                <line number="64" hits="3" branch="False" />
              </lines>
            </method>
            <method name=".ctor" signature="(AirportDBFirst.AirportDbContext)" line-rate="1" branch-rate="1" complexity="1">
              <lines>
                <line number="13" hits="72" branch="False" />
                <line number="14" hits="72" branch="False" />
                <line number="15" hits="72" branch="False" />
                <line number="16" hits="72" branch="False" />
              </lines>
            </method>
          </methods>
          <lines>
            <line number="18" hits="6" branch="False" />
            <line number="19" hits="6" branch="False" />
            <line number="20" hits="6" branch="False" />
            <line number="22" hits="104" branch="False" />
            <line number="23" hits="104" branch="False" />
            <line number="24" hits="103" branch="False" />
            <line number="25" hits="102" branch="False" />
            <line number="27" hits="2" branch="False" />
            <line number="28" hits="2" branch="False" />
            <line number="29" hits="2" branch="False" />
            <line number="30" hits="2" branch="False" />
            <line number="31" hits="2" branch="False" />
            <line number="32" hits="2" branch="False" />
            <line number="33" hits="2" branch="False" />
            <line number="34" hits="2" branch="False" />
            <line number="35" hits="2" branch="False" />
            <line number="37" hits="2" branch="False" />
            <line number="38" hits="2" branch="False" />
            <line number="39" hits="2" branch="False" />
            <line number="40" hits="2" branch="False" />
            <line number="41" hits="2" branch="False" />
            <line number="43" hits="4" branch="False" />
            <line number="44" hits="4" branch="False" />
            <line number="45" hits="4" branch="True" condition-coverage="100% (2/2)">
              <conditions>
                <condition number="130" type="jump" coverage="100%" />
              </conditions>
            </line>
            <line number="46" hits="2" branch="False" />
            <line number="47" hits="2" branch="False" />
            <line number="48" hits="4" branch="False" />
            <line number="50" hits="8" branch="False" />
            <line number="51" hits="8" branch="False" />
            <line number="52" hits="8" branch="False" />
            <line number="54" hits="3" branch="False" />
            <line number="55" hits="3" branch="False" />
            <line number="56" hits="3" branch="False" />
            <line number="58" hits="3" branch="False" />
            <line number="59" hits="3" branch="False" />
            <line number="60" hits="3" branch="False" />
            <line number="62" hits="3" branch="False" />
            <line number="63" hits="3" branch="False" />
            <line number="64" hits="3" branch="False" />
            <line number="13" hits="72" branch="False" />
            <line number="14" hits="72" branch="False" />
            <line number="15" hits="72" branch="False" />
            <line number="16" hits="72" branch="False" />
          </lines>
        </class>
        <class name="AirportSystem.Services.FlightsService" filename="Documents\exercises-2021\Viktor\Final_Project\AirportSystem\AirportSystem\Services\FlightsService.cs" line-rate="1" branch-rate="1" complexity="25">
          <methods>
            <method name="GetAll" signature="(System.Collections.Generic.List`1&lt;AirportSystem.Data.Flight&gt;)" line-rate="1" branch-rate="1" complexity="1">
              <lines>
                <line number="19" hits="2" branch="False" />
                <line number="20" hits="5" branch="False" />
                <line number="21" hits="5" branch="False" />
                <line number="22" hits="5" branch="False" />
                <line number="23" hits="5" branch="False" />
                <line number="24" hits="5" branch="False" />
                <line number="25" hits="5" branch="False" />
                <line number="26" hits="2" branch="False" />
              </lines>
            </method>
            <method name="EditedFlights" signature="()" line-rate="1" branch-rate="1" complexity="10">
              <lines>
                <line number="29" hits="2" branch="False" />
                <line number="30" hits="2" branch="False" />
                <line number="31" hits="8" branch="True" condition-coverage="100% (2/2)">
                  <conditions>
                    <condition number="653" type="jump" coverage="100%" />
                  </conditions>
                </line>
                <line number="32" hits="1" branch="False" />
                <line number="33" hits="1" branch="False" />
                <line number="34" hits="1" branch="True" condition-coverage="100% (2/2)">
                  <conditions>
                    <condition number="207" type="jump" coverage="100%" />
                  </conditions>
                </line>
                <line number="35" hits="1" branch="False" />
                <line number="36" hits="1" branch="False" />
                <line number="37" hits="4" branch="True" condition-coverage="100% (2/2)">
                  <conditions>
                    <condition number="639" type="jump" coverage="100%" />
                  </conditions>
                </line>
                <line number="38" hits="1" branch="False" />
                <line number="39" hits="1" branch="False" />
                <line number="40" hits="7" branch="True" condition-coverage="100% (2/2)">
                  <conditions>
                    <condition number="575" type="jump" coverage="100%" />
                  </conditions>
                </line>
                <line number="41" hits="2" branch="False" />
                <line number="42" hits="2" branch="True" condition-coverage="100% (2/2)">
                  <conditions>
                    <condition number="559" type="jump" coverage="100%" />
                  </conditions>
                </line>
                <line number="43" hits="2" branch="False" />
                <line number="44" hits="2" branch="False" />
                <line number="45" hits="2" branch="False" />
                <line number="46" hits="2" branch="False" />
                <line number="47" hits="1" branch="False" />
                <line number="48" hits="1" branch="False" />
                <line number="49" hits="1" branch="False" />
                <line number="50" hits="1" branch="False" />
                <line number="51" hits="1" branch="False" />
                <line number="52" hits="2" branch="False" />
                <line number="53" hits="2" branch="False" />
              </lines>
            </method>
            <method name="CreateFlight" signature="(AirportSystem.Models.FlightCreateModel)" line-rate="1" branch-rate="1" complexity="1">
              <lines>
                <line number="56" hits="33" branch="False" />
                <line number="57" hits="33" branch="False" />
                <line number="58" hits="33" branch="False" />
                <line number="59" hits="33" branch="False" />
                <line number="60" hits="33" branch="False" />
                <line number="61" hits="33" branch="False" />
                <line number="62" hits="33" branch="False" />
                <line number="63" hits="33" branch="False" />
                <line number="64" hits="33" branch="False" />
                <line number="65" hits="33" branch="False" />
                <line number="66" hits="33" branch="False" />
                <line number="67" hits="33" branch="False" />
                <line number="68" hits="33" branch="False" />
                <line number="69" hits="33" branch="False" />
                <line number="70" hits="33" branch="False" />
                <line number="71" hits="33" branch="False" />
              </lines>
            </method>
            <method name="GetForDelete" signature="(System.Int32)" line-rate="1" branch-rate="1" complexity="2">
              <lines>
                <line number="76" hits="4" branch="False" />
                <line number="77" hits="4" branch="False" />
                <line number="78" hits="4" branch="True" condition-coverage="100% (2/2)">
                  <conditions>
                    <condition number="140" type="jump" coverage="100%" />
                  </conditions>
                </line>
                <line number="79" hits="2" branch="False" />
                <line number="80" hits="2" branch="False" />
                <line number="81" hits="2" branch="False" />
                <line number="82" hits="2" branch="False" />
                <line number="83" hits="2" branch="False" />
                <line number="84" hits="2" branch="False" />
                <line number="86" hits="4" branch="False" />
              </lines>
            </method>
            <method name="FindFlights" signature="(AirportSystem.Models.SearchModel)" line-rate="1" branch-rate="1" complexity="4">
              <lines>
                <line number="89" hits="3" branch="False" />
                <line number="90" hits="3" branch="False" />
                <line number="91" hits="3" branch="False" />
                <line number="92" hits="3" branch="False" />
                <line number="93" hits="14" branch="True" condition-coverage="100% (2/2)">
                  <conditions>
                    <condition number="862" type="jump" coverage="100%" />
                  </conditions>
                </line>
                <line number="94" hits="4" branch="False" />
                <line number="95" hits="4" branch="False" />
                <line number="96" hits="4" branch="False" />
                <line number="97" hits="4" branch="True" condition-coverage="100% (2/2)">
                  <conditions>
                    <condition number="824" type="jump" coverage="100%" />
                  </conditions>
                </line>
                <line number="98" hits="1" branch="False" />
                <line number="99" hits="1" branch="False" />
                <line number="100" hits="1" branch="False" />
                <line number="101" hits="1" branch="False" />
                <line number="102" hits="4" branch="False" />
                <line number="103" hits="3" branch="False" />
                <line number="104" hits="3" branch="False" />
              </lines>
            </method>
            <method name="ToFlightListModel" signature="(System.Collections.Generic.List`1&lt;AirportSystem.Data.Flight&gt;)" line-rate="1" branch-rate="1" complexity="1">
              <lines>
                <line number="107" hits="2" branch="False" />
                <line number="108" hits="3" branch="False" />
                <line number="109" hits="3" branch="False" />
                <line number="110" hits="3" branch="False" />
                <line number="111" hits="3" branch="False" />
                <line number="112" hits="3" branch="False" />
                <line number="113" hits="3" branch="False" />
                <line number="114" hits="2" branch="False" />
              </lines>
            </method>
            <method name="Delete" signature="(System.Nullable`1&lt;System.Int32&gt;)" line-rate="1" branch-rate="1" complexity="1">
              <lines>
                <line number="117" hits="2" branch="False" />
                <line number="118" hits="2" branch="False" />
                <line number="119" hits="2" branch="False" />
                <line number="120" hits="2" branch="False" />
                <line number="121" hits="2" branch="False" />
              </lines>
            </method>
            <method name="GetAllAirlinesName" signature="()" line-rate="1" branch-rate="1" complexity="1">
              <lines>
                <line number="124" hits="6" branch="False" />
                <line number="125" hits="6" branch="False" />
                <line number="126" hits="6" branch="False" />
                <line number="127" hits="6" branch="False" />
              </lines>
            </method>
            <method name="GetAllAirportsId" signature="()" line-rate="1" branch-rate="1" complexity="1">
              <lines>
                <line number="130" hits="6" branch="False" />
                <line number="131" hits="6" branch="False" />
                <line number="132" hits="6" branch="False" />
                <line number="133" hits="6" branch="False" />
              </lines>
            </method>
            <method name="HasThisDateRassed" signature="(System.DateTime)" line-rate="1" branch-rate="1" complexity="2">
              <lines>
                <line number="135" hits="3" branch="False" />
                <line number="136" hits="3" branch="False" />
                <line number="137" hits="3" branch="True" condition-coverage="100% (2/2)">
                  <conditions>
                    <condition number="20" type="jump" coverage="100%" />
                  </conditions>
                </line>
                <line number="138" hits="2" branch="False" />
                <line number="139" hits="2" branch="False" />
                <line number="141" hits="1" branch="False" />
                <line number="142" hits="3" branch="False" />
              </lines>
            </method>
            <method name=".ctor" signature="(AirportDBFirst.AirportDbContext)" line-rate="1" branch-rate="1" complexity="1">
              <lines>
                <line number="14" hits="43" branch="False" />
                <line number="15" hits="43" branch="False" />
                <line number="16" hits="43" branch="False" />
                <line number="17" hits="43" branch="False" />
              </lines>
            </method>
          </methods>
          <lines>
            <line number="19" hits="2" branch="False" />
            <line number="20" hits="5" branch="False" />
            <line number="21" hits="5" branch="False" />
            <line number="22" hits="5" branch="False" />
            <line number="23" hits="5" branch="False" />
            <line number="24" hits="5" branch="False" />
            <line number="25" hits="5" branch="False" />
            <line number="26" hits="2" branch="False" />
            <line number="29" hits="2" branch="False" />
            <line number="30" hits="2" branch="False" />
            <line number="31" hits="8" branch="True" condition-coverage="100% (2/2)">
              <conditions>
                <condition number="653" type="jump" coverage="100%" />
              </conditions>
            </line>
            <line number="32" hits="1" branch="False" />
            <line number="33" hits="1" branch="False" />
            <line number="34" hits="1" branch="True" condition-coverage="100% (2/2)">
              <conditions>
                <condition number="207" type="jump" coverage="100%" />
              </conditions>
            </line>
            <line number="35" hits="1" branch="False" />
            <line number="36" hits="1" branch="False" />
            <line number="37" hits="4" branch="True" condition-coverage="100% (2/2)">
              <conditions>
                <condition number="639" type="jump" coverage="100%" />
              </conditions>
            </line>
            <line number="38" hits="1" branch="False" />
            <line number="39" hits="1" branch="False" />
            <line number="40" hits="7" branch="True" condition-coverage="100% (2/2)">
              <conditions>
                <condition number="575" type="jump" coverage="100%" />
              </conditions>
            </line>
            <line number="41" hits="2" branch="False" />
            <line number="42" hits="2" branch="True" condition-coverage="100% (2/2)">
              <conditions>
                <condition number="559" type="jump" coverage="100%" />
              </conditions>
            </line>
            <line number="43" hits="2" branch="False" />
            <line number="44" hits="2" branch="False" />
            <line number="45" hits="2" branch="False" />
            <line number="46" hits="2" branch="False" />
            <line number="47" hits="1" branch="False" />
            <line number="48" hits="1" branch="False" />
            <line number="49" hits="1" branch="False" />
            <line number="50" hits="1" branch="False" />
            <line number="51" hits="1" branch="False" />
            <line number="52" hits="2" branch="False" />
            <line number="53" hits="2" branch="False" />
            <line number="56" hits="33" branch="False" />
            <line number="57" hits="33" branch="False" />
            <line number="58" hits="33" branch="False" />
            <line number="59" hits="33" branch="False" />
            <line number="60" hits="33" branch="False" />
            <line number="61" hits="33" branch="False" />
            <line number="62" hits="33" branch="False" />
            <line number="63" hits="33" branch="False" />
            <line number="64" hits="33" branch="False" />
            <line number="65" hits="33" branch="False" />
            <line number="66" hits="33" branch="False" />
            <line number="67" hits="33" branch="False" />
            <line number="68" hits="33" branch="False" />
            <line number="69" hits="33" branch="False" />
            <line number="70" hits="33" branch="False" />
            <line number="71" hits="33" branch="False" />
            <line number="76" hits="4" branch="False" />
            <line number="77" hits="4" branch="False" />
            <line number="78" hits="4" branch="True" condition-coverage="100% (2/2)">
              <conditions>
                <condition number="140" type="jump" coverage="100%" />
              </conditions>
            </line>
            <line number="79" hits="2" branch="False" />
            <line number="80" hits="2" branch="False" />
            <line number="81" hits="2" branch="False" />
            <line number="82" hits="2" branch="False" />
            <line number="83" hits="2" branch="False" />
            <line number="84" hits="2" branch="False" />
            <line number="86" hits="4" branch="False" />
            <line number="89" hits="3" branch="False" />
            <line number="90" hits="3" branch="False" />
            <line number="91" hits="3" branch="False" />
            <line number="92" hits="3" branch="False" />
            <line number="93" hits="14" branch="True" condition-coverage="100% (2/2)">
              <conditions>
                <condition number="862" type="jump" coverage="100%" />
              </conditions>
            </line>
            <line number="94" hits="4" branch="False" />
            <line number="95" hits="4" branch="False" />
            <line number="96" hits="4" branch="False" />
            <line number="97" hits="4" branch="True" condition-coverage="100% (2/2)">
              <conditions>
                <condition number="824" type="jump" coverage="100%" />
              </conditions>
            </line>
            <line number="98" hits="1" branch="False" />
            <line number="99" hits="1" branch="False" />
            <line number="100" hits="1" branch="False" />
            <line number="101" hits="1" branch="False" />
            <line number="102" hits="4" branch="False" />
            <line number="103" hits="3" branch="False" />
            <line number="104" hits="3" branch="False" />
            <line number="107" hits="2" branch="False" />
            <line number="108" hits="3" branch="False" />
            <line number="109" hits="3" branch="False" />
            <line number="110" hits="3" branch="False" />
            <line number="111" hits="3" branch="False" />
            <line number="112" hits="3" branch="False" />
            <line number="113" hits="3" branch="False" />
            <line number="114" hits="2" branch="False" />
            <line number="117" hits="2" branch="False" />
            <line number="118" hits="2" branch="False" />
            <line number="119" hits="2" branch="False" />
            <line number="120" hits="2" branch="False" />
            <line number="121" hits="2" branch="False" />
            <line number="124" hits="6" branch="False" />
            <line number="125" hits="6" branch="False" />
            <line number="126" hits="6" branch="False" />
            <line number="127" hits="6" branch="False" />
            <line number="130" hits="6" branch="False" />
            <line number="131" hits="6" branch="False" />
            <line number="132" hits="6" branch="False" />
            <line number="133" hits="6" branch="False" />
            <line number="135" hits="3" branch="False" />
            <line number="136" hits="3" branch="False" />
            <line number="137" hits="3" branch="True" condition-coverage="100% (2/2)">
              <conditions>
                <condition number="20" type="jump" coverage="100%" />
              </conditions>
            </line>
            <line number="138" hits="2" branch="False" />
            <line number="139" hits="2" branch="False" />
            <line number="141" hits="1" branch="False" />
            <line number="142" hits="3" branch="False" />
            <line number="14" hits="43" branch="False" />
            <line number="15" hits="43" branch="False" />
            <line number="16" hits="43" branch="False" />
            <line number="17" hits="43" branch="False" />
          </lines>
        </class>
        <class name="AirportSystem.Services.SeatsService" filename="Documents\exercises-2021\Viktor\Final_Project\AirportSystem\AirportSystem\Services\SeatsService.cs" line-rate="1" branch-rate="1" complexity="10">
          <methods>
            <method name="GetAll" signature="(System.Int32)" line-rate="1" branch-rate="1" complexity="1">
              <lines>
                <line number="21" hits="7" branch="False" />
                <line number="22" hits="7" branch="False" />
                <line number="23" hits="7" branch="False" />
                <line number="24" hits="7" branch="False" />
              </lines>
            </method>
            <method name="CreateSeat" signature="(AirportSystem.Data.Seat)" line-rate="1" branch-rate="1" complexity="2">
              <lines>
                <line number="26" hits="15" branch="False" />
                <line number="27" hits="15" branch="False" />
                <line number="28" hits="15" branch="True" condition-coverage="100% (2/2)">
                  <conditions>
                    <condition number="426" type="jump" coverage="100%" />
                  </conditions>
                </line>
                <line number="29" hits="15" branch="False" />
                <line number="30" hits="15" branch="False" />
                <line number="31" hits="15" branch="False" />
                <line number="32" hits="15" branch="False" />
                <line number="33" hits="15" branch="False" />
              </lines>
            </method>
            <method name="GetRows" signature="(System.Int32)" line-rate="1" branch-rate="1" complexity="1">
              <lines>
                <line number="36" hits="2" branch="False" />
                <line number="37" hits="2" branch="False" />
                <line number="38" hits="2" branch="False" />
              </lines>
            </method>
            <method name="GetCols" signature="(System.Int32)" line-rate="1" branch-rate="1" complexity="1">
              <lines>
                <line number="41" hits="2" branch="False" />
                <line number="42" hits="2" branch="False" />
                <line number="43" hits="2" branch="False" />
              </lines>
            </method>
            <method name="GetForDeleteOrBook" signature="(System.Int32)" line-rate="1" branch-rate="1" complexity="2">
              <lines>
                <line number="46" hits="6" branch="False" />
                <line number="47" hits="6" branch="False" />
                <line number="48" hits="6" branch="True" condition-coverage="100% (2/2)">
                  <conditions>
                    <condition number="130" type="jump" coverage="100%" />
                  </conditions>
                </line>
                <line number="49" hits="3" branch="False" />
                <line number="50" hits="3" branch="False" />
                <line number="51" hits="6" branch="False" />
              </lines>
            </method>
            <method name="Delete" signature="(System.Nullable`1&lt;System.Int32&gt;)" line-rate="1" branch-rate="1" complexity="1">
              <lines>
                <line number="54" hits="2" branch="False" />
                <line number="55" hits="2" branch="False" />
                <line number="56" hits="2" branch="False" />
                <line number="57" hits="2" branch="False" />
                <line number="58" hits="2" branch="False" />
                <line number="59" hits="2" branch="False" />
                <line number="60" hits="2" branch="False" />
              </lines>
            </method>
            <method name="Book" signature="(System.Nullable`1&lt;System.Int32&gt;)" line-rate="1" branch-rate="1" complexity="1">
              <lines>
                <line number="62" hits="2" branch="False" />
                <line number="63" hits="2" branch="False" />
                <line number="64" hits="2" branch="False" />
                <line number="65" hits="2" branch="False" />
                <line number="66" hits="2" branch="False" />
                <line number="67" hits="2" branch="False" />
                <line number="68" hits="2" branch="False" />
                <line number="69" hits="2" branch="False" />
              </lines>
            </method>
            <method name=".ctor" signature="(AirportDBFirst.AirportDbContext)" line-rate="1" branch-rate="1" complexity="1">
              <lines>
                <line number="16" hits="43" branch="False" />
                <line number="17" hits="43" branch="False" />
                <line number="18" hits="43" branch="False" />
                <line number="19" hits="43" branch="False" />
              </lines>
            </method>
          </methods>
          <lines>
            <line number="21" hits="7" branch="False" />
            <line number="22" hits="7" branch="False" />
            <line number="23" hits="7" branch="False" />
            <line number="24" hits="7" branch="False" />
            <line number="26" hits="15" branch="False" />
            <line number="27" hits="15" branch="False" />
            <line number="28" hits="15" branch="True" condition-coverage="100% (2/2)">
              <conditions>
                <condition number="426" type="jump" coverage="100%" />
              </conditions>
            </line>
            <line number="29" hits="15" branch="False" />
            <line number="30" hits="15" branch="False" />
            <line number="31" hits="15" branch="False" />
            <line number="32" hits="15" branch="False" />
            <line number="33" hits="15" branch="False" />
            <line number="36" hits="2" branch="False" />
            <line number="37" hits="2" branch="False" />
            <line number="38" hits="2" branch="False" />
            <line number="41" hits="2" branch="False" />
            <line number="42" hits="2" branch="False" />
            <line number="43" hits="2" branch="False" />
            <line number="46" hits="6" branch="False" />
            <line number="47" hits="6" branch="False" />
            <line number="48" hits="6" branch="True" condition-coverage="100% (2/2)">
              <conditions>
                <condition number="130" type="jump" coverage="100%" />
              </conditions>
            </line>
            <line number="49" hits="3" branch="False" />
            <line number="50" hits="3" branch="False" />
            <line number="51" hits="6" branch="False" />
            <line number="54" hits="2" branch="False" />
            <line number="55" hits="2" branch="False" />
            <line number="56" hits="2" branch="False" />
            <line number="57" hits="2" branch="False" />
            <line number="58" hits="2" branch="False" />
            <line number="59" hits="2" branch="False" />
            <line number="60" hits="2" branch="False" />
            <line number="62" hits="2" branch="False" />
            <line number="63" hits="2" branch="False" />
            <line number="64" hits="2" branch="False" />
            <line number="65" hits="2" branch="False" />
            <line number="66" hits="2" branch="False" />
            <line number="67" hits="2" branch="False" />
            <line number="68" hits="2" branch="False" />
            <line number="69" hits="2" branch="False" />
            <line number="16" hits="43" branch="False" />
            <line number="17" hits="43" branch="False" />
            <line number="18" hits="43" branch="False" />
            <line number="19" hits="43" branch="False" />
          </lines>
        </class>
        <class name="AirportSystem.Models.AirlineToDisplay" filename="Documents\exercises-2021\Viktor\Final_Project\AirportSystem\AirportSystem\Models\AirlineModels\AirlineToDisplay.cs" line-rate="1" branch-rate="1" complexity="1">
          <methods>
            <method name="get_Name" signature="()" line-rate="1" branch-rate="1" complexity="1">
              <lines>
                <line number="10" hits="13" branch="False" />
              </lines>
            </method>
          </methods>
          <lines>
            <line number="10" hits="13" branch="False" />
          </lines>
        </class>
        <class name="AirportSystem.Models.AirportToDisplay" filename="Documents\exercises-2021\Viktor\Final_Project\AirportSystem\AirportSystem\Models\AirportModels\AirportToDisplay.cs" line-rate="1" branch-rate="1" complexity="1">
          <methods>
            <method name="get_Port_id" signature="()" line-rate="1" branch-rate="1" complexity="1">
              <lines>
                <line number="5" hits="28" branch="False" />
              </lines>
            </method>
          </methods>
          <lines>
            <line number="5" hits="28" branch="False" />
          </lines>
        </class>
        <class name="AirportSystem.Models.AirportWithoutId" filename="Documents\exercises-2021\Viktor\Final_Project\AirportSystem\AirportSystem\Models\AirportModels\AirportWithoutId.cs" line-rate="1" branch-rate="1" complexity="5">
          <methods>
            <method name="get_Port_Id" signature="()" line-rate="1" branch-rate="1" complexity="1">
              <lines>
                <line number="14" hits="11" branch="False" />
              </lines>
            </method>
            <method name="get_Name" signature="()" line-rate="1" branch-rate="1" complexity="1">
              <lines>
                <line number="17" hits="11" branch="False" />
              </lines>
            </method>
            <method name="get_Address" signature="()" line-rate="1" branch-rate="1" complexity="1">
              <lines>
                <line number="20" hits="10" branch="False" />
              </lines>
            </method>
            <method name="get_City" signature="()" line-rate="1" branch-rate="1" complexity="1">
              <lines>
                <line number="22" hits="10" branch="False" />
              </lines>
            </method>
            <method name="get_Country" signature="()" line-rate="1" branch-rate="1" complexity="1">
              <lines>
                <line number="24" hits="10" branch="False" />
              </lines>
            </method>
          </methods>
          <lines>
            <line number="14" hits="11" branch="False" />
            <line number="17" hits="11" branch="False" />
            <line number="20" hits="10" branch="False" />
            <line number="22" hits="10" branch="False" />
            <line number="24" hits="10" branch="False" />
          </lines>
        </class>
        <class name="AirportSystem.Models.ErrorViewModel" filename="Documents\exercises-2021\Viktor\Final_Project\AirportSystem\AirportSystem\Models\ErrorViewModel.cs" line-rate="0" branch-rate="1" complexity="2">
          <methods>
            <method name="get_RequestId" signature="()" line-rate="0" branch-rate="1" complexity="1">
              <lines>
                <line number="5" hits="0" branch="False" />
              </lines>
            </method>
            <method name="get_ShowRequestId" signature="()" line-rate="0" branch-rate="1" complexity="1">
              <lines>
                <line number="7" hits="0" branch="False" />
              </lines>
            </method>
          </methods>
          <lines>
            <line number="5" hits="0" branch="False" />
            <line number="7" hits="0" branch="False" />
          </lines>
        </class>
        <class name="AirportSystem.Models.FlightDeleteModel" filename="Documents\exercises-2021\Viktor\Final_Project\AirportSystem\AirportSystem\Models\FlightModels\DeleteFlightModel.cs" line-rate="1" branch-rate="1" complexity="1">
          <methods>
            <method name="get_AirlineName" signature="()" line-rate="1" branch-rate="1" complexity="1">
              <lines>
                <line number="8" hits="34" branch="False" />
              </lines>
            </method>
          </methods>
          <lines>
            <line number="8" hits="34" branch="False" />
          </lines>
        </class>
        <class name="AirportSystem.Models.FlightCreateModel" filename="Documents\exercises-2021\Viktor\Final_Project\AirportSystem\AirportSystem\Models\FlightModels\FlightCreateModel.cs" line-rate="0.9375" branch-rate="1" complexity="12">
          <methods>
            <method name="get_AirlineName" signature="()" line-rate="1" branch-rate="1" complexity="1">
              <lines>
                <line number="22" hits="70" branch="False" />
              </lines>
            </method>
            <method name="get_OriginAirportId" signature="()" line-rate="1" branch-rate="1" complexity="1">
              <lines>
                <line number="25" hits="77" branch="False" />
              </lines>
            </method>
            <method name="get_DestinationAirportId" signature="()" line-rate="1" branch-rate="1" complexity="1">
              <lines>
                <line number="28" hits="77" branch="False" />
              </lines>
            </method>
            <method name="get_TakeOff_Date" signature="()" line-rate="1" branch-rate="1" complexity="1">
              <lines>
                <line number="32" hits="77" branch="False" />
              </lines>
            </method>
            <method name="get_Landing_Date" signature="()" line-rate="1" branch-rate="1" complexity="1">
              <lines>
                <line number="35" hits="77" branch="False" />
              </lines>
            </method>
            <method name="get_Rows" signature="()" line-rate="1" branch-rate="1" complexity="1">
              <lines>
                <line number="37" hits="103" branch="False" />
              </lines>
            </method>
            <method name="get_Cols" signature="()" line-rate="1" branch-rate="1" complexity="1">
              <lines>
                <line number="41" hits="103" branch="False" />
              </lines>
            </method>
            <method name="get_Id" signature="()" line-rate="0" branch-rate="1" complexity="1">
              <lines>
                <line number="42" hits="0" branch="False" />
              </lines>
            </method>
            <method name="get_AirlinesNames" signature="()" line-rate="1" branch-rate="1" complexity="1">
              <lines>
                <line number="43" hits="39" branch="False" />
              </lines>
            </method>
            <method name="get_AirportsIds" signature="()" line-rate="1" branch-rate="1" complexity="1">
              <lines>
                <line number="44" hits="39" branch="False" />
              </lines>
            </method>
            <method name="get_Error" signature="()" line-rate="1" branch-rate="1" complexity="1">
              <lines>
                <line number="45" hits="2" branch="False" />
              </lines>
            </method>
            <method name=".ctor" signature="()" line-rate="1" branch-rate="1" complexity="1">
              <lines>
                <line number="15" hits="36" branch="False" />
                <line number="16" hits="36" branch="False" />
                <line number="17" hits="36" branch="False" />
                <line number="18" hits="36" branch="False" />
                <line number="19" hits="36" branch="False" />
              </lines>
            </method>
          </methods>
          <lines>
            <line number="22" hits="70" branch="False" />
            <line number="25" hits="77" branch="False" />
            <line number="28" hits="77" branch="False" />
            <line number="32" hits="77" branch="False" />
            <line number="35" hits="77" branch="False" />
            <line number="37" hits="103" branch="False" />
            <line number="41" hits="103" branch="False" />
            <line number="42" hits="0" branch="False" />
            <line number="43" hits="39" branch="False" />
            <line number="44" hits="39" branch="False" />
            <line number="45" hits="2" branch="False" />
            <line number="15" hits="36" branch="False" />
            <line number="16" hits="36" branch="False" />
            <line number="17" hits="36" branch="False" />
            <line number="18" hits="36" branch="False" />
            <line number="19" hits="36" branch="False" />
          </lines>
        </class>
        <class name="AirportSystem.Models.FlightListModel" filename="Documents\exercises-2021\Viktor\Final_Project\AirportSystem\AirportSystem\Models\FlightModels\FlightListModel.cs" line-rate="1" branch-rate="1" complexity="1">
          <methods>
            <method name="get_AirlineName" signature="()" line-rate="1" branch-rate="1" complexity="1">
              <lines>
                <line number="9" hits="55" branch="False" />
              </lines>
            </method>
          </methods>
          <lines>
            <line number="9" hits="55" branch="False" />
          </lines>
        </class>
        <class name="AirportSystem.Models.SearchModel" filename="Documents\exercises-2021\Viktor\Final_Project\AirportSystem\AirportSystem\Models\FlightModels\SearchModel.cs" line-rate="1" branch-rate="1" complexity="7">
          <methods>
            <method name="get_OriginAirportId" signature="()" line-rate="1" branch-rate="1" complexity="1">
              <lines>
                <line number="13" hits="7" branch="False" />
              </lines>
            </method>
            <method name="get_DestinationAirportId" signature="()" line-rate="1" branch-rate="1" complexity="1">
              <lines>
                <line number="15" hits="7" branch="False" />
              </lines>
            </method>
            <method name="get_Date" signature="()" line-rate="1" branch-rate="1" complexity="1">
              <lines>
                <line number="17" hits="9" branch="False" />
              </lines>
            </method>
            <method name="get_CountOfPeopleWhoWillTakeTheFlight" signature="()" line-rate="1" branch-rate="1" complexity="1">
              <lines>
                <line number="19" hits="13" branch="False" />
              </lines>
            </method>
            <method name="get_AirlinesNames" signature="()" line-rate="1" branch-rate="1" complexity="1">
              <lines>
                <line number="21" hits="2" branch="False" />
              </lines>
            </method>
            <method name="get_AirportsIds" signature="()" line-rate="1" branch-rate="1" complexity="1">
              <lines>
                <line number="23" hits="2" branch="False" />
              </lines>
            </method>
            <method name="get_Error" signature="()" line-rate="1" branch-rate="1" complexity="1">
              <lines>
                <line number="24" hits="1" branch="False" />
              </lines>
            </method>
          </methods>
          <lines>
            <line number="13" hits="7" branch="False" />
            <line number="15" hits="7" branch="False" />
            <line number="17" hits="9" branch="False" />
            <line number="19" hits="13" branch="False" />
            <line number="21" hits="2" branch="False" />
            <line number="23" hits="2" branch="False" />
            <line number="24" hits="1" branch="False" />
          </lines>
        </class>
        <class name="AirportSystem.Models.Create" filename="Documents\exercises-2021\Viktor\Final_Project\AirportSystem\AirportSystem\Models\SeatModels\Create.cs" line-rate="1" branch-rate="1" complexity="1">
          <methods>
            <method name="get_Row" signature="()" line-rate="1" branch-rate="1" complexity="1">
              <lines>
                <line number="8" hits="4" branch="False" />
              </lines>
            </method>
          </methods>
          <lines>
            <line number="8" hits="4" branch="False" />
          </lines>
        </class>
        <class name="AirportSystem.Models.CreateSeat" filename="Documents\exercises-2021\Viktor\Final_Project\AirportSystem\AirportSystem\Models\SeatModels\CreateSeat.cs" line-rate="0" branch-rate="1" complexity="1">
          <methods>
            <method name="get_Row" signature="()" line-rate="0" branch-rate="1" complexity="1">
              <lines>
                <line number="10" hits="0" branch="False" />
              </lines>
            </method>
          </methods>
          <lines>
            <line number="10" hits="0" branch="False" />
          </lines>
        </class>
        <class name="AirportSystem.Models.DeleteAndBookSeatModel" filename="Documents\exercises-2021\Viktor\Final_Project\AirportSystem\AirportSystem\Models\SeatModels\DeleteAndBookSeatModel.cs" line-rate="1" branch-rate="1" complexity="1">
          <methods>
            <method name="get_Row" signature="()" line-rate="1" branch-rate="1" complexity="1">
              <lines>
                <line number="8" hits="20" branch="False" />
              </lines>
            </method>
          </methods>
          <lines>
            <line number="8" hits="20" branch="False" />
          </lines>
        </class>
        <class name="AirportSystem.Models.SeatIndexView" filename="Documents\exercises-2021\Viktor\Final_Project\AirportSystem\AirportSystem\Models\SeatModels\SeatIndexView.cs" line-rate="1" branch-rate="1" complexity="1">
          <methods>
            <method name="get_Row" signature="()" line-rate="1" branch-rate="1" complexity="1">
              <lines>
                <line number="9" hits="32" branch="False" />
              </lines>
            </method>
          </methods>
          <lines>
            <line number="9" hits="32" branch="False" />
          </lines>
        </class>
        <class name="AirportSystem.Data.Airline" filename="Documents\exercises-2021\Viktor\Final_Project\AirportSystem\AirportSystem\Data\Airline.cs" line-rate="1" branch-rate="1" complexity="2">
          <methods>
            <method name="get_Id" signature="()" line-rate="1" branch-rate="1" complexity="1">
              <lines>
                <line number="11" hits="37" branch="False" />
              </lines>
            </method>
            <method name="get_Name" signature="()" line-rate="1" branch-rate="1" complexity="1">
              <lines>
                <line number="14" hits="74" branch="False" />
              </lines>
            </method>
          </methods>
          <lines>
            <line number="11" hits="37" branch="False" />
            <line number="14" hits="74" branch="False" />
          </lines>
        </class>
        <class name="AirportSystem.Data.Airport" filename="Documents\exercises-2021\Viktor\Final_Project\AirportSystem\AirportSystem\Data\Airport.cs" line-rate="1" branch-rate="1" complexity="8">
          <methods>
            <method name="get_ID" signature="()" line-rate="1" branch-rate="1" complexity="1">
              <lines>
                <line number="14" hits="76" branch="False" />
              </lines>
            </method>
            <method name="get_Port_Id" signature="()" line-rate="1" branch-rate="1" complexity="1">
              <lines>
                <line number="17" hits="116" branch="False" />
              </lines>
            </method>
            <method name="get_Name" signature="()" line-rate="1" branch-rate="1" complexity="1">
              <lines>
                <line number="19" hits="113" branch="False" />
              </lines>
            </method>
            <method name="get_Address" signature="()" line-rate="1" branch-rate="1" complexity="1">
              <lines>
                <line number="21" hits="110" branch="False" />
              </lines>
            </method>
            <method name="get_City" signature="()" line-rate="1" branch-rate="1" complexity="1">
              <lines>
                <line number="22" hits="110" branch="False" />
              </lines>
            </method>
            <method name="get_Country" signature="()" line-rate="1" branch-rate="1" complexity="1">
              <lines>
                <line number="23" hits="110" branch="False" />
              </lines>
            </method>
            <method name="get_Flights" signature="()" line-rate="1" branch-rate="1" complexity="1">
              <lines>
                <line number="24" hits="104" branch="False" />
              </lines>
            </method>
            <method name=".ctor" signature="()" line-rate="1" branch-rate="1" complexity="1">
              <lines>
                <line number="9" hits="104" branch="False" />
                <line number="10" hits="104" branch="False" />
                <line number="11" hits="104" branch="False" />
                <line number="12" hits="104" branch="False" />
              </lines>
            </method>
          </methods>
          <lines>
            <line number="14" hits="76" branch="False" />
            <line number="17" hits="116" branch="False" />
            <line number="19" hits="113" branch="False" />
            <line number="21" hits="110" branch="False" />
            <line number="22" hits="110" branch="False" />
            <line number="23" hits="110" branch="False" />
            <line number="24" hits="104" branch="False" />
            <line number="9" hits="104" branch="False" />
            <line number="10" hits="104" branch="False" />
            <line number="11" hits="104" branch="False" />
            <line number="12" hits="104" branch="False" />
          </lines>
        </class>
        <class name="AirportSystem.Data.Flight" filename="Documents\exercises-2021\Viktor\Final_Project\AirportSystem\AirportSystem\Data\Flight.cs" line-rate="1" branch-rate="1" complexity="9">
          <methods>
            <method name="get_Id" signature="()" line-rate="1" branch-rate="1" complexity="1">
              <lines>
                <line number="14" hits="19" branch="False" />
              </lines>
            </method>
            <method name="get_Take_Off_Date" signature="()" line-rate="1" branch-rate="1" complexity="1">
              <lines>
                <line number="15" hits="39" branch="False" />
              </lines>
            </method>
            <method name="get_Landing_Date" signature="()" line-rate="1" branch-rate="1" complexity="1">
              <lines>
                <line number="16" hits="39" branch="False" />
              </lines>
            </method>
            <method name="get_Rows" signature="()" line-rate="1" branch-rate="1" complexity="1">
              <lines>
                <line number="19" hits="37" branch="False" />
              </lines>
            </method>
            <method name="get_Cols" signature="()" line-rate="1" branch-rate="1" complexity="1">
              <lines>
                <line number="22" hits="37" branch="False" />
              </lines>
            </method>
            <method name="get_Airline_id" signature="()" line-rate="1" branch-rate="1" complexity="1">
              <lines>
                <line number="23" hits="39" branch="False" />
              </lines>
            </method>
            <method name="get_Airport_origin_id" signature="()" line-rate="1" branch-rate="1" complexity="1">
              <lines>
                <line number="24" hits="39" branch="False" />
              </lines>
            </method>
            <method name="get_Airport_destination_id" signature="()" line-rate="1" branch-rate="1" complexity="1">
              <lines>
                <line number="25" hits="39" branch="False" />
              </lines>
            </method>
            <method name="get_Max_Seat_Count" signature="()" line-rate="1" branch-rate="1" complexity="1">
              <lines>
                <line number="26" hits="35" branch="False" />
              </lines>
            </method>
          </methods>
          <lines>
            <line number="14" hits="19" branch="False" />
            <line number="15" hits="39" branch="False" />
            <line number="16" hits="39" branch="False" />
            <line number="19" hits="37" branch="False" />
            <line number="22" hits="37" branch="False" />
            <line number="23" hits="39" branch="False" />
            <line number="24" hits="39" branch="False" />
            <line number="25" hits="39" branch="False" />
            <line number="26" hits="35" branch="False" />
          </lines>
        </class>
        <class name="AirportSystem.Data.Seat" filename="Documents\exercises-2021\Viktor\Final_Project\AirportSystem\AirportSystem\Data\Seat.cs" line-rate="1" branch-rate="1" complexity="6">
          <methods>
            <method name="get_Id" signature="()" line-rate="1" branch-rate="1" complexity="1">
              <lines>
                <line number="14" hits="5" branch="False" />
              </lines>
            </method>
            <method name="get_Row" signature="()" line-rate="1" branch-rate="1" complexity="1">
              <lines>
                <line number="18" hits="33" branch="False" />
              </lines>
            </method>
            <method name="get_Col" signature="()" line-rate="1" branch-rate="1" complexity="1">
              <lines>
                <line number="22" hits="33" branch="False" />
              </lines>
            </method>
            <method name="get_Is_Booked" signature="()" line-rate="1" branch-rate="1" complexity="1">
              <lines>
                <line number="23" hits="2" branch="False" />
              </lines>
            </method>
            <method name="get_Seat_Class" signature="()" line-rate="1" branch-rate="1" complexity="1">
              <lines>
                <line number="25" hits="33" branch="False" />
              </lines>
            </method>
            <method name="get_Flight_id" signature="()" line-rate="1" branch-rate="1" complexity="1">
              <lines>
                <line number="26" hits="37" branch="False" />
              </lines>
            </method>
          </methods>
          <lines>
            <line number="14" hits="5" branch="False" />
            <line number="18" hits="33" branch="False" />
            <line number="22" hits="33" branch="False" />
            <line number="23" hits="2" branch="False" />
            <line number="25" hits="33" branch="False" />
            <line number="26" hits="37" branch="False" />
          </lines>
        </class>
        <class name="AirportSystem.Controllers.AirlinesController" filename="Documents\exercises-2021\Viktor\Final_Project\AirportSystem\AirportSystem\Controllers\AirlinesController.cs" line-rate="0.9767" branch-rate="0.875" complexity="14">
          <methods>
            <method name="Index" signature="()" line-rate="1" branch-rate="1" complexity="1">
              <lines>
                <line number="19" hits="1" branch="False" />
                <line number="20" hits="1" branch="False" />
                <line number="21" hits="1" branch="False" />
              </lines>
            </method>
            <method name="Create" signature="()" line-rate="1" branch-rate="1" complexity="1">
              <lines>
                <line number="25" hits="1" branch="False" />
                <line number="26" hits="1" branch="False" />
                <line number="27" hits="1" branch="False" />
              </lines>
            </method>
            <method name="Create" signature="(AirportSystem.Models.AirlineToDisplay)" line-rate="0.8571" branch-rate="0.5" complexity="2">
              <lines>
                <line number="35" hits="5" branch="False" />
                <line number="36" hits="5" branch="True" condition-coverage="50% (1/2)">
                  <conditions>
                    <condition number="14" type="jump" coverage="50%" />
                  </conditions>
                </line>
                <line number="37" hits="5" branch="False" />
                <line number="38" hits="5" branch="False" />
                <line number="39" hits="5" branch="False" />
                <line number="41" hits="0" branch="False" />
                <line number="42" hits="5" branch="False" />
              </lines>
            </method>
            <method name="Edit" signature="(System.Int32)" line-rate="1" branch-rate="1" complexity="2">
              <lines>
                <line number="44" hits="2" branch="False" />
                <line number="45" hits="2" branch="False" />
                <line number="46" hits="3" branch="True" condition-coverage="100% (2/2)">
                  <conditions>
                    <condition number="20" type="jump" coverage="100%" />
                  </conditions>
                </line>
                <line number="47" hits="1" branch="False" />
                <line number="48" hits="2" branch="False" />
              </lines>
            </method>
            <method name="Edit" signature="(AirportSystem.Data.Airline)" line-rate="1" branch-rate="1" complexity="1">
              <lines>
                <line number="51" hits="1" branch="False" />
                <line number="52" hits="1" branch="False" />
                <line number="53" hits="1" branch="False" />
                <line number="54" hits="1" branch="False" />
              </lines>
            </method>
            <method name="Delete" signature="(System.Nullable`1&lt;System.Int32&gt;)" line-rate="1" branch-rate="1" complexity="4">
              <lines>
                <line number="58" hits="3" branch="False" />
                <line number="59" hits="3" branch="True" condition-coverage="100% (2/2)">
                  <conditions>
                    <condition number="13" type="jump" coverage="100%" />
                  </conditions>
                </line>
                <line number="60" hits="1" branch="False" />
                <line number="61" hits="1" branch="False" />
                <line number="64" hits="2" branch="False" />
                <line number="65" hits="2" branch="True" condition-coverage="100% (2/2)">
                  <conditions>
                    <condition number="50" type="jump" coverage="100%" />
                  </conditions>
                </line>
                <line number="66" hits="1" branch="False" />
                <line number="67" hits="1" branch="False" />
                <line number="70" hits="1" branch="False" />
                <line number="71" hits="3" branch="False" />
              </lines>
            </method>
            <method name="DeleteConfirmed" signature="(System.Nullable`1&lt;System.Int32&gt;)" line-rate="1" branch-rate="1" complexity="1">
              <lines>
                <line number="77" hits="1" branch="False" />
                <line number="78" hits="1" branch="False" />
                <line number="79" hits="1" branch="False" />
                <line number="80" hits="1" branch="False" />
              </lines>
            </method>
            <method name="IsThisNameAlreadyExist" signature="(System.String)" line-rate="1" branch-rate="1" complexity="1">
              <lines>
                <line number="84" hits="1" branch="False" />
                <line number="86" hits="1" branch="False" />
                <line number="88" hits="1" branch="False" />
              </lines>
            </method>
            <method name=".ctor" signature="(AirportSystem.Services.AirlinesService)" line-rate="1" branch-rate="1" complexity="1">
              <lines>
                <line number="12" hits="23" branch="False" />
                <line number="13" hits="23" branch="False" />
                <line number="14" hits="23" branch="False" />
                <line number="15" hits="23" branch="False" />
              </lines>
            </method>
          </methods>
          <lines>
            <line number="19" hits="1" branch="False" />
            <line number="20" hits="1" branch="False" />
            <line number="21" hits="1" branch="False" />
            <line number="25" hits="1" branch="False" />
            <line number="26" hits="1" branch="False" />
            <line number="27" hits="1" branch="False" />
            <line number="35" hits="5" branch="False" />
            <line number="36" hits="5" branch="True" condition-coverage="50% (1/2)">
              <conditions>
                <condition number="14" type="jump" coverage="50%" />
              </conditions>
            </line>
            <line number="37" hits="5" branch="False" />
            <line number="38" hits="5" branch="False" />
            <line number="39" hits="5" branch="False" />
            <line number="41" hits="0" branch="False" />
            <line number="42" hits="5" branch="False" />
            <line number="44" hits="2" branch="False" />
            <line number="45" hits="2" branch="False" />
            <line number="46" hits="3" branch="True" condition-coverage="100% (2/2)">
              <conditions>
                <condition number="20" type="jump" coverage="100%" />
              </conditions>
            </line>
            <line number="47" hits="1" branch="False" />
            <line number="48" hits="2" branch="False" />
            <line number="51" hits="1" branch="False" />
            <line number="52" hits="1" branch="False" />
            <line number="53" hits="1" branch="False" />
            <line number="54" hits="1" branch="False" />
[...]
            <line number="218" hits="1" branch="False" />
            <line number="220" hits="1" branch="False" />
            <line number="222" hits="1" branch="False" />
            <line number="223" hits="1" branch="False" />
            <line number="226" hits="1" branch="False" />
            <line number="228" hits="1" branch="False" />
            <line number="230" hits="1" branch="False" />
            <line number="231" hits="1" branch="False" />
            <line number="234" hits="1" branch="False" />
            <line number="236" hits="1" branch="False" />
            <line number="238" hits="1" branch="False" />
            <line number="239" hits="1" branch="False" />
            <line number="242" hits="1" branch="False" />
            <line number="244" hits="1" branch="False" />
            <line number="246" hits="1" branch="False" />
            <line number="247" hits="1" branch="False" />
            <line number="249" hits="1" branch="False" />
            <line number="250" hits="1" branch="False" />
            <line number="253" hits="1" branch="False" />
            <line number="255" hits="1" branch="False" />
            <line number="257" hits="1" branch="False" />
            <line number="258" hits="1" branch="False" />
            <line number="260" hits="1" branch="False" />
            <line number="261" hits="1" branch="False" />
            <line number="262" hits="1" branch="False" />
            <line number="265" hits="1" branch="False" />
            <line number="267" hits="1" branch="False" />
            <line number="269" hits="1" branch="False" />
            <line number="270" hits="1" branch="False" />
            <line number="273" hits="1" branch="False" />
            <line number="275" hits="1" branch="False" />
            <line number="276" hits="1" branch="False" />
            <line number="278" hits="1" branch="False" />
            <line number="279" hits="1" branch="False" />
            <line number="281" hits="1" branch="False" />
            <line number="282" hits="1" branch="False" />
            <line number="285" hits="1" branch="False" />
            <line number="287" hits="1" branch="False" />
            <line number="288" hits="1" branch="False" />
            <line number="290" hits="1" branch="False" />
            <line number="291" hits="1" branch="False" />
            <line number="293" hits="1" branch="False" />
            <line number="294" hits="1" branch="False" />
            <line number="297" hits="1" branch="False" />
            <line number="299" hits="1" branch="False" />
            <line number="300" hits="1" branch="False" />
            <line number="302" hits="1" branch="False" />
            <line number="303" hits="1" branch="False" />
            <line number="304" hits="1" branch="False" />
            <line number="306" hits="1" branch="False" />
            <line number="307" hits="1" branch="False" />
            <line number="310" hits="1" branch="False" />
            <line number="312" hits="1" branch="False" />
            <line number="314" hits="1" branch="False" />
            <line number="315" hits="1" branch="False" />
          </lines>
        </class>
        <class name="Tests_For_Airport_System.SeatTests" filename="Documents\exercises-2021\Viktor\Final_Project\AirportSystem\Tests_For_Airport_System\SeatTests.cs" line-rate="1" branch-rate="1" complexity="18">
          <methods>
            <method name="Setup" signature="()" line-rate="1" branch-rate="1" complexity="1">
              <lines>
                <line number="27" hits="17" branch="False" />
                <line number="29" hits="17" branch="False" />
                <line number="30" hits="17" branch="False" />
                <line number="31" hits="17" branch="False" />
                <line number="32" hits="17" branch="False" />
                <line number="33" hits="17" branch="False" />
                <line number="34" hits="17" branch="False" />
                <line number="35" hits="17" branch="False" />
                <line number="36" hits="17" branch="False" />
                <line number="37" hits="17" branch="False" />
                <line number="38" hits="17" branch="False" />
                <line number="39" hits="17" branch="False" />
                <line number="40" hits="17" branch="False" />
                <line number="41" hits="17" branch="False" />
                <line number="42" hits="17" branch="False" />
                <line number="43" hits="17" branch="False" />
                <line number="44" hits="17" branch="False" />
                <line number="45" hits="17" branch="False" />
                <line number="46" hits="17" branch="False" />
              </lines>
            </method>
            <method name="GetAllMethodShouldReturnAllSeats" signature="()" line-rate="1" branch-rate="1" complexity="1">
              <lines>
                <line number="50" hits="1" branch="False" />
                <line number="52" hits="1" branch="False" />
                <line number="53" hits="1" branch="False" />
                <line number="54" hits="1" branch="False" />
                <line number="56" hits="1" branch="False" />
                <line number="57" hits="1" branch="False" />
                <line number="58" hits="1" branch="False" />
                <line number="60" hits="1" branch="False" />
                <line number="61" hits="1" branch="False" />
              </lines>
            </method>
            <method name="GetRowsMethodShouldReturnCountOfRows" signature="()" line-rate="1" branch-rate="1" complexity="1">
              <lines>
                <line number="64" hits="1" branch="False" />
                <line number="66" hits="1" branch="False" />
                <line number="67" hits="1" branch="False" />
              </lines>
            </method>
            <method name="GetRowsMethodShouldReturnCountOfCols" signature="()" line-rate="1" branch-rate="1" complexity="1">
              <lines>
                <line number="70" hits="1" branch="False" />
                <line number="72" hits="1" branch="False" />
                <line number="73" hits="1" branch="False" />
              </lines>
            </method>
            <method name="GetForDeleteShouldWorkProperly" signature="()" line-rate="1" branch-rate="1" complexity="1">
              <lines>
                <line number="76" hits="1" branch="False" />
                <line number="78" hits="1" branch="False" />
                <line number="79" hits="1" branch="False" />
                <line number="81" hits="1" branch="False" />
                <line number="82" hits="1" branch="False" />
                <line number="84" hits="1" branch="False" />
                <line number="85" hits="1" branch="False" />
              </lines>
            </method>
            <method name="GetForDeleteShouldReturnNullIfThereIsntSeat" signature="()" line-rate="1" branch-rate="1" complexity="1">
              <lines>
                <line number="88" hits="1" branch="False" />
                <line number="90" hits="1" branch="False" />
                <line number="92" hits="1" branch="False" />
                <line number="93" hits="1" branch="False" />
                <line number="95" hits="1" branch="False" />
                <line number="96" hits="1" branch="False" />
              </lines>
            </method>
            <method name="DeleteShouldWorkProperly" signature="()" line-rate="1" branch-rate="1" complexity="1">
              <lines>
                <line number="99" hits="1" branch="False" />
                <line number="101" hits="1" branch="False" />
                <line number="103" hits="1" branch="False" />
                <line number="104" hits="1" branch="False" />
                <line number="106" hits="1" branch="False" />
                <line number="107" hits="1" branch="False" />
              </lines>
            </method>
            <method name="BookShouldWorkProperly" signature="()" line-rate="1" branch-rate="1" complexity="1">
              <lines>
                <line number="110" hits="1" branch="False" />
                <line number="112" hits="1" branch="False" />
                <line number="114" hits="1" branch="False" />
                <line number="115" hits="1" branch="False" />
                <line number="117" hits="1" branch="False" />
                <line number="118" hits="1" branch="False" />
              </lines>
            </method>
            <method name="IndexMethodShouldReturnActionView" signature="()" line-rate="1" branch-rate="1" complexity="1">
              <lines>
                <line number="124" hits="1" branch="False" />
                <line number="126" hits="1" branch="False" />
                <line number="128" hits="1" branch="False" />
                <line number="129" hits="1" branch="False" />
              </lines>
            </method>
            <method name="CreateMethodShouldReturnActionView" signature="()" line-rate="1" branch-rate="1" complexity="1">
              <lines>
                <line number="132" hits="1" branch="False" />
                <line number="134" hits="1" branch="False" />
                <line number="136" hits="1" branch="False" />
                <line number="137" hits="1" branch="False" />
              </lines>
            </method>
            <method name="ShouldReturnNotFoundIfIdIsNull" signature="()" line-rate="1" branch-rate="1" complexity="1">
              <lines>
                <line number="140" hits="1" branch="False" />
                <line number="142" hits="1" branch="False" />
                <line number="144" hits="1" branch="False" />
                <line number="145" hits="1" branch="False" />
              </lines>
            </method>
            <method name="ShouldReturnNotFoundIfIdDidntExist" signature="()" line-rate="1" branch-rate="1" complexity="1">
              <lines>
                <line number="148" hits="1" branch="False" />
                <line number="150" hits="1" branch="False" />
                <line number="152" hits="1" branch="False" />
                <line number="153" hits="1" branch="False" />
              </lines>
            </method>
            <method name="ShouldReturnActionResultIfIdExist" signature="()" line-rate="1" branch-rate="1" complexity="1">
              <lines>
                <line number="156" hits="1" branch="False" />
                <line number="158" hits="1" branch="False" />
                <line number="160" hits="1" branch="False" />
                <line number="161" hits="1" branch="False" />
                <line number="163" hits="1" branch="False" />
                <line number="164" hits="1" branch="False" />
              </lines>
            </method>
            <method name="ShouldDeleteRightSeat" signature="()" line-rate="1" branch-rate="1" complexity="1">
              <lines>
                <line number="167" hits="1" branch="False" />
                <line number="169" hits="1" branch="False" />
                <line number="171" hits="1" branch="False" />
                <line number="172" hits="1" branch="False" />
                <line number="174" hits="1" branch="False" />
                <line number="175" hits="1" branch="False" />
                <line number="176" hits="1" branch="False" />
              </lines>
            </method>
            <method name="ShouldReturnInBookNotFoundIfIdIsNull" signature="()" line-rate="1" branch-rate="1" complexity="1">
              <lines>
                <line number="179" hits="1" branch="False" />
                <line number="181" hits="1" branch="False" />
                <line number="183" hits="1" branch="False" />
                <line number="184" hits="1" branch="False" />
              </lines>
            </method>
            <method name="ShouldReturnInBookNotFoundIfIdDidntExist" signature="()" line-rate="1" branch-rate="1" complexity="1">
              <lines>
                <line number="187" hits="1" branch="False" />
                <line number="189" hits="1" branch="False" />
                <line number="191" hits="1" branch="False" />
                <line number="192" hits="1" branch="False" />
              </lines>
            </method>
            <method name="ShouldReturnInBookActionResultIfIdExist" signature="()" line-rate="1" branch-rate="1" complexity="1">
              <lines>
                <line number="195" hits="1" branch="False" />
                <line number="197" hits="1" branch="False" />
                <line number="199" hits="1" branch="False" />
                <line number="200" hits="1" branch="False" />
                <line number="202" hits="1" branch="False" />
                <line number="203" hits="1" branch="False" />
              </lines>
            </method>
            <method name="ShouldBookRightSeat" signature="()" line-rate="1" branch-rate="1" complexity="1">
              <lines>
                <line number="206" hits="1" branch="False" />
                <line number="208" hits="1" branch="False" />
                <line number="210" hits="1" branch="False" />
                <line number="211" hits="1" branch="False" />
                <line number="213" hits="1" branch="False" />
                <line number="214" hits="1" branch="False" />
                <line number="215" hits="1" branch="False" />
              </lines>
            </method>
          </methods>
          <lines>
            <line number="27" hits="17" branch="False" />
            <line number="29" hits="17" branch="False" />
            <line number="30" hits="17" branch="False" />
            <line number="31" hits="17" branch="False" />
            <line number="32" hits="17" branch="False" />
            <line number="33" hits="17" branch="False" />
            <line number="34" hits="17" branch="False" />
            <line number="35" hits="17" branch="False" />
            <line number="36" hits="17" branch="False" />
            <line number="37" hits="17" branch="False" />
            <line number="38" hits="17" branch="False" />
            <line number="39" hits="17" branch="False" />
            <line number="40" hits="17" branch="False" />
            <line number="41" hits="17" branch="False" />
            <line number="42" hits="17" branch="False" />
            <line number="43" hits="17" branch="False" />
            <line number="44" hits="17" branch="False" />
            <line number="45" hits="17" branch="False" />
            <line number="46" hits="17" branch="False" />
            <line number="50" hits="1" branch="False" />
            <line number="52" hits="1" branch="False" />
            <line number="53" hits="1" branch="False" />
            <line number="54" hits="1" branch="False" />
            <line number="56" hits="1" branch="False" />
            <line number="57" hits="1" branch="False" />
            <line number="58" hits="1" branch="False" />
            <line number="60" hits="1" branch="False" />
            <line number="61" hits="1" branch="False" />
            <line number="64" hits="1" branch="False" />
            <line number="66" hits="1" branch="False" />
            <line number="67" hits="1" branch="False" />
            <line number="70" hits="1" branch="False" />
            <line number="72" hits="1" branch="False" />
            <line number="73" hits="1" branch="False" />
            <line number="76" hits="1" branch="False" />
            <line number="78" hits="1" branch="False" />
            <line number="79" hits="1" branch="False" />
            <line number="81" hits="1" branch="False" />
            <line number="82" hits="1" branch="False" />
            <line number="84" hits="1" branch="False" />
            <line number="85" hits="1" branch="False" />
            <line number="88" hits="1" branch="False" />
            <line number="90" hits="1" branch="False" />
            <line number="92" hits="1" branch="False" />
            <line number="93" hits="1" branch="False" />
            <line number="95" hits="1" branch="False" />
            <line number="96" hits="1" branch="False" />
            <line number="99" hits="1" branch="False" />
            <line number="101" hits="1" branch="False" />
            <line number="103" hits="1" branch="False" />
            <line number="104" hits="1" branch="False" />
            <line number="106" hits="1" branch="False" />
            <line number="107" hits="1" branch="False" />
            <line number="110" hits="1" branch="False" />
            <line number="112" hits="1" branch="False" />
            <line number="114" hits="1" branch="False" />
            <line number="115" hits="1" branch="False" />
            <line number="117" hits="1" branch="False" />
            <line number="118" hits="1" branch="False" />
            <line number="124" hits="1" branch="False" />
            <line number="126" hits="1" branch="False" />
            <line number="128" hits="1" branch="False" />
            <line number="129" hits="1" branch="False" />
            <line number="132" hits="1" branch="False" />
            <line number="134" hits="1" branch="False" />
            <line number="136" hits="1" branch="False" />
            <line number="137" hits="1" branch="False" />
            <line number="140" hits="1" branch="False" />
            <line number="142" hits="1" branch="False" />
            <line number="144" hits="1" branch="False" />
            <line number="145" hits="1" branch="False" />
            <line number="148" hits="1" branch="False" />
            <line number="150" hits="1" branch="False" />
            <line number="152" hits="1" branch="False" />
            <line number="153" hits="1" branch="False" />
            <line number="156" hits="1" branch="False" />
            <line number="158" hits="1" branch="False" />
            <line number="160" hits="1" branch="False" />
            <line number="161" hits="1" branch="False" />
            <line number="163" hits="1" branch="False" />
            <line number="164" hits="1" branch="False" />
            <line number="167" hits="1" branch="False" />
            <line number="169" hits="1" branch="False" />
            <line number="171" hits="1" branch="False" />
            <line number="172" hits="1" branch="False" />
            <line number="174" hits="1" branch="False" />
            <line number="175" hits="1" branch="False" />
            <line number="176" hits="1" branch="False" />
            <line number="179" hits="1" branch="False" />
            <line number="181" hits="1" branch="False" />
            <line number="183" hits="1" branch="False" />
            <line number="184" hits="1" branch="False" />
            <line number="187" hits="1" branch="False" />
            <line number="189" hits="1" branch="False" />
            <line number="191" hits="1" branch="False" />
            <line number="192" hits="1" branch="False" />
            <line number="195" hits="1" branch="False" />
            <line number="197" hits="1" branch="False" />
            <line number="199" hits="1" branch="False" />
            <line number="200" hits="1" branch="False" />
            <line number="202" hits="1" branch="False" />
            <line number="203" hits="1" branch="False" />
            <line number="206" hits="1" branch="False" />
            <line number="208" hits="1" branch="False" />
            <line number="210" hits="1" branch="False" />
            <line number="211" hits="1" branch="False" />
            <line number="213" hits="1" branch="False" />
            <line number="214" hits="1" branch="False" />
            <line number="215" hits="1" branch="False" />
          </lines>
        </class>
      </classes>
    </package>
  </packages>
</coverage>